[04:09:53] [main/INFO] [com.velocitypowered.proxy.VelocityServer]: Booting up Velocity 3.5.0-SNAPSHOT (git-c2fd3c07-b576)...
[04:09:53] [main/INFO] [com.velocitypowered.proxy.network.ConnectionManager]: Connections will use epoll channels, libdeflate (Linux x86_64) compression, OpenSSL 3.x.x (Linux x86_64) ciphers
[04:09:55] [main/WARN] [com.velocitypowered.proxy.config.VelocityConfiguration]: The proxy is running in offline mode! This is a security risk and you will NOT receive any support!
[04:09:55] [main/INFO] [com.velocitypowered.proxy.VelocityServer]: Loading localizations...
[04:09:56] [main/INFO] [com.velocitypowered.proxy.VelocityServer]: Loading plugins...
[04:09:57] [main/ERROR] [com.velocitypowered.proxy.plugin.VelocityPluginManager]: Unable to load plugin plugins/ColorMOTD.jar
com.velocitypowered.api.plugin.InvalidPluginException: The plugin file ColorMOTD.jar appears to be a Paper, Bukkit or BungeeCord plugin. Velocity does not support plugins from these platforms.
	at com.velocitypowered.proxy.plugin.loader.java.JavaPluginLoader.getSerializedPluginInfo(JavaPluginLoader.java:158)
	at com.velocitypowered.proxy.plugin.loader.java.JavaPluginLoader.loadCandidate(JavaPluginLoader.java:62)
	at com.velocitypowered.proxy.plugin.VelocityPluginManager.loadPlugins(VelocityPluginManager.java:101)
	at com.velocitypowered.proxy.VelocityServer.loadPlugins(VelocityServer.java:436)
	at com.velocitypowered.proxy.VelocityServer.start(VelocityServer.java:307)
	at com.velocitypowered.proxy.Velocity.main(Velocity.java:71)
[04:10:00] [main/INFO] [com.velocitypowered.proxy.plugin.VelocityPluginManager]: Loaded plugin mcmmproxybridge 0.1.0 by LCMonitor
[04:10:00] [main/INFO] [com.velocitypowered.proxy.plugin.VelocityPluginManager]: Loaded plugin viaversion 5.7.2-SNAPSHOT by _MylesC, creeper123123321, Gerrygames, kennytv, Matsv, EnZaXD, RK_01
[04:10:00] [main/INFO] [com.velocitypowered.proxy.plugin.VelocityPluginManager]: Loaded plugin viabackwards 5.7.2-SNAPSHOT by Matsv, kennytv, Gerrygames, creeper123123321, ForceUpdate1, EnZaXD
[04:10:00] [main/INFO] [com.velocitypowered.proxy.VelocityServer]: Loaded 4 plugins
[04:10:00] [MCMMProxyBridge - Task Executor #0/INFO] [mcmmproxybridge]: MCMMProxyBridge started on 0.0.0.0:19132
[04:10:02] [Via-Mappingloader-1/INFO] [viaversion]: Loading block connection mappings ...
[04:10:02] [MCMMProxyBridge - Task Executor #0/INFO] [viaversion]: Replacing channel initializers; you can safely ignore the following two warnings.
[04:10:02] [MCMMProxyBridge - Task Executor #0/WARN] [com.velocitypowered.proxy.network.ConnectionManager]: The server channel initializer has been replaced by java.base/jdk.internal.reflect.DirectMethodHandleAccessor.invoke(Unknown Source)
[04:10:02] [MCMMProxyBridge - Task Executor #0/WARN] [com.velocitypowered.proxy.network.ConnectionManager]: The backend channel initializer has been replaced by java.base/jdk.internal.reflect.DirectMethodHandleAccessor.invoke(Unknown Source)
[04:10:02] [MCMMProxyBridge - Task Executor #0/INFO] [viabackwards]: Loading translations...
[04:10:02] [MCMMProxyBridge - Task Executor #0/INFO] [viabackwards]: Registering protocols...
[04:10:03] [MCMMProxyBridge - Task Executor #0/INFO] [viaversion]: ViaVersion detected lowest supported version by the proxy: 1.13 (393)
[04:10:03] [MCMMProxyBridge - Task Executor #0/INFO] [viaversion]: Highest supported version by the proxy: 1.21.11 (774)
[04:10:03] [ViaVersion - Task Executor #2/INFO] [viaversion]: Finished mapping loading, shutting down loader executor.
[04:10:03] [Netty epoll Boss #0/INFO] [com.velocitypowered.proxy.network.ConnectionManager]: Listening on /[0:0:0:0:0:0:0:0]:25565
[04:10:03] [main/INFO] [com.velocitypowered.proxy.Velocity]: Done (15.29s)!
[04:10:03] [ViaVersion - Task Executor #0/INFO] [viaversion]: You are running a development version of the plugin, please report any bugs to GitHub.
[05:10:53] [Netty epoll Worker #11/INFO] [com.velocitypowered.proxy.connection.client.AuthSessionHandler]: [connected player] LCMonitor (/172.31.69.82:12430) has connected
[05:10:53] [Netty epoll Worker #11/INFO] [com.velocitypowered.proxy.connection.MinecraftConnection]: [server connection] LCMonitor -> lobby has connected
[05:11:13] [Netty epoll Worker #14/INFO] [com.velocitypowered.proxy.connection.client.AuthSessionHandler]: [connected player] LCTester (/172.31.69.82:2253) has connected
[05:11:14] [Netty epoll Worker #14/INFO] [com.velocitypowered.proxy.connection.MinecraftConnection]: [server connection] LCTester -> lobby has connected
